<?xml version="1.0" encoding="utf-8"?><testsuites name="pytest tests"><testsuite name="pytest" errors="0" failures="0" skipped="0" tests="33" time="14.109" timestamp="2026-06-04T09:30:31.533958+00:00" hostname="agent-env-ee2e90ea-94bd-4eef-8cc2-c4f13a7d8288"><testcase classname="backend.tests.backend_test" name="test_root" time="0.159" /><testcase classname="backend.tests.backend_test" name="test_login_invalid" time="0.098" /><testcase classname="backend.tests.backend_test" name="test_login_admin_success" time="0.367" /><testcase classname="backend.tests.backend_test" name="test_register_and_me" time="0.373" /><testcase classname="backend.tests.backend_test" name="test_register_duplicate" time="0.052" /><testcase classname="backend.tests.backend_test" name="test_list_modules_contains_created" time="0.094" /><testcase classname="backend.tests.backend_test" name="test_list_topics_filtered" time="0.100" /><testcase classname="backend.tests.backend_test" name="test_get_item" time="0.095" /><testcase classname="backend.tests.backend_test" name="test_search_knowledge" time="0.043" /><testcase classname="backend.tests.backend_test" name="test_list_resources" time="0.095" /><testcase classname="backend.tests.backend_test" name="test_admin_list_users" time="0.045" /><testcase classname="backend.tests.backend_test" name="test_user_cannot_list_users" time="0.048" /><testcase classname="backend.tests.backend_test" name="test_get_ai_config" time="0.056" /><testcase classname="backend.tests.backend_test" name="test_public_announcements_visible" time="0.195" /><testcase classname="backend.tests.backend_test" name="test_admin_analytics" time="0.064" /><testcase classname="backend.tests.backend_test" name="test_list_conversations" time="0.113" /><testcase classname="backend.tests.backend_test" name="test_send_message_sse" time="2.111" /><testcase classname="backend.tests.backend_test" name="test_submit_feedback" time="0.125" /><testcase classname="backend.tests.backend_test" name="test_create_ticket" time="0.052" /><testcase classname="backend.tests.backend_test" name="test_admin_sees_ticket" time="0.217" /><testcase classname="backend.tests.iteration2_test" name="test_forgot_password_unknown_email_returns_ok" time="0.138" /><testcase classname="backend.tests.iteration2_test" name="test_password_reset_full_flow" time="1.538" /><testcase classname="backend.tests.iteration2_test" name="test_reset_password_invalid_token" time="0.104" /><testcase classname="backend.tests.iteration2_test" name="test_admin_password_safety" time="0.322" /><testcase classname="backend.tests.iteration2_test" name="test_list_trained_answers" time="0.419" /><testcase classname="backend.tests.iteration2_test" name="test_update_trained_answer" time="0.049" /><testcase classname="backend.tests.iteration2_test" name="test_user_cannot_create_trained_answer" time="0.369" /><testcase classname="backend.tests.iteration2_test" name="test_get_fallback_config_requires_auth" time="0.113" /><testcase classname="backend.tests.iteration2_test" name="test_get_fallback_config_authed" time="0.049" /><testcase classname="backend.tests.iteration2_test" name="test_update_fallback_config" time="0.098" /><testcase classname="backend.tests.iteration2_test" name="test_chat_unknown_question_creates_unanswered" time="5.685" /><testcase classname="backend.tests.iteration2_test" name="test_delete_ticket" time="0.252" /><testcase classname="backend.tests.iteration2_test" name="test_zzz_admin_password_unchanged" time="0.382" /></testsuite></testsuites>