<?xml version="1.0" encoding="utf-8"?><testsuites name="pytest tests"><testsuite name="pytest" errors="2" failures="1" skipped="0" tests="41" time="11.691" timestamp="2026-06-04T09:50:33.308967+00:00" hostname="agent-env-ee2e90ea-94bd-4eef-8cc2-c4f13a7d8288"><testcase classname="backend.tests.backend_test" name="test_root" time="0.151" /><testcase classname="backend.tests.backend_test" name="test_login_invalid" time="0.106" /><testcase classname="backend.tests.backend_test" name="test_login_admin_success" time="0.425" /><testcase classname="backend.tests.backend_test" name="test_register_and_me" time="0.381" /><testcase classname="backend.tests.backend_test" name="test_register_duplicate" time="0.048" /><testcase classname="backend.tests.backend_test" name="test_list_modules_contains_created" time="0.102" /><testcase classname="backend.tests.backend_test" name="test_list_topics_filtered" time="0.103" /><testcase classname="backend.tests.backend_test" name="test_get_item" time="0.103" /><testcase classname="backend.tests.backend_test" name="test_search_knowledge" time="0.052" /><testcase classname="backend.tests.backend_test" name="test_list_resources" time="0.143" /><testcase classname="backend.tests.backend_test" name="test_admin_list_users" time="0.052" /><testcase classname="backend.tests.backend_test" name="test_user_cannot_list_users" time="0.051" /><testcase classname="backend.tests.backend_test" name="test_get_ai_config" time="0.053" /><testcase classname="backend.tests.backend_test" name="test_public_announcements_visible" time="0.205" /><testcase classname="backend.tests.backend_test" name="test_admin_analytics" time="0.055" /><testcase classname="backend.tests.backend_test" name="test_list_conversations" time="0.095" /><testcase classname="backend.tests.backend_test" name="test_send_message_sse" time="2.800" /><testcase classname="backend.tests.backend_test" name="test_submit_feedback" time="0.109" /><testcase classname="backend.tests.backend_test" name="test_create_ticket" time="0.048" /><testcase classname="backend.tests.backend_test" name="test_admin_sees_ticket" time="0.211" /><testcase classname="backend.tests.iteration2_test" name="test_forgot_password_unknown_email_returns_ok" time="0.122" /><testcase classname="backend.tests.iteration2_test" name="test_password_reset_full_flow" time="1.574" /><testcase classname="backend.tests.iteration2_test" name="test_reset_password_invalid_token" time="0.097" /><testcase classname="backend.tests.iteration2_test" name="test_admin_password_safety" time="0.328" /><testcase classname="backend.tests.iteration2_test" name="test_list_trained_answers" time="0.380"><error message="failed on setup with &quot;AssertionError: {&quot;detail&quot;:&quot;Not Found&quot;}&#10;assert 404 == 200&#10; +  where 404 = &lt;Response [404]&gt;.status_code&quot;">backend/tests/iteration2_test.py:110: in created_trained_answer
    assert r.status_code == 200, r.text
E   AssertionError: {"detail":"Not Found"}
E   assert 404 == 200
E    +  where 404 = &lt;Response [404]&gt;.status_code</error></testcase><testcase classname="backend.tests.iteration2_test" name="test_update_trained_answer" time="0.000"><error message="failed on setup with &quot;AssertionError: {&quot;detail&quot;:&quot;Not Found&quot;}&#10;assert 404 == 200&#10; +  where 404 = &lt;Response [404]&gt;.status_code&quot;">backend/tests/iteration2_test.py:110: in created_trained_answer
    assert r.status_code == 200, r.text
E   AssertionError: {"detail":"Not Found"}
E   assert 404 == 200
E    +  where 404 = &lt;Response [404]&gt;.status_code</error></testcase><testcase classname="backend.tests.iteration2_test" name="test_user_cannot_create_trained_answer" time="0.415"><failure message="assert 404 == 403&#10; +  where 404 = &lt;Response [404]&gt;.status_code">backend/tests/iteration2_test.py:137: in test_user_cannot_create_trained_answer
    assert r.status_code == 403
E   assert 404 == 403
E    +  where 404 = &lt;Response [404]&gt;.status_code</failure></testcase><testcase classname="backend.tests.iteration2_test" name="test_get_fallback_config_requires_auth" time="0.110" /><testcase classname="backend.tests.iteration2_test" name="test_get_fallback_config_authed" time="0.057" /><testcase classname="backend.tests.iteration2_test" name="test_update_fallback_config" time="0.093" /><testcase classname="backend.tests.iteration2_test" name="test_chat_unknown_question_creates_unanswered" time="0.791" /><testcase classname="backend.tests.iteration2_test" name="test_delete_ticket" time="0.245" /><testcase classname="backend.tests.iteration2_test" name="test_zzz_admin_password_unchanged" time="0.342" /><testcase classname="backend.tests.iteration3_test.TestAnalyticsCharts" name="test_charts_endpoint" time="0.386" /><testcase classname="backend.tests.iteration3_test.TestAnalyticsCharts" name="test_charts_requires_auth" time="0.098" /><testcase classname="backend.tests.iteration3_test.TestAdminConversations" name="test_list_conversations" time="0.053" /><testcase classname="backend.tests.iteration3_test.TestAdminConversations" name="test_review_flow" time="0.745" /><testcase classname="backend.tests.iteration3_test.TestSuggestionConfig" name="test_ai_config_has_suggestion_fields" time="0.052" /><testcase classname="backend.tests.iteration3_test.TestSuggestionConfig" name="test_update_suggestion_config" time="0.153" /><testcase classname="backend.tests.iteration3_test.TestZeroHallucinationFlow" name="test_no_kb_match_returns_fallback_event" time="0.197" /><testcase classname="backend.tests.iteration3_test.TestZeroHallucinationFlow" name="test_fallback_config_endpoint" time="0.044" /></testsuite></testsuites>